<?xml version="1.0" encoding="UTF-8"?>
<testsuite xmlns:xsi="http://www.w3.org/2001/XMLSchema-instance" xsi:noNamespaceSchemaLocation="https://maven.apache.org/surefire/maven-surefire-plugin/xsd/surefire-test-report-3.0.xsd" version="3.0" name="TestSuite" time="10.872" tests="11" errors="0" skipped="0" failures="3">
  <properties>
    <property name="java.specification.version" value="19"/>
    <property name="sun.cpu.isalist" value="amd64"/>
    <property name="sun.jnu.encoding" value="Cp1252"/>
    <property name="java.class.path" value="C:\Users\Dell\Documents\NetBeansProjects\VisitorService\target\test-classes;C:\Users\Dell\Documents\NetBeansProjects\VisitorService\target\classes;C:\Users\Dell\.m2\repository\io\rest-assured\rest-assured\5.4.0\rest-assured-5.4.0.jar;C:\Users\Dell\.m2\repository\org\apache\groovy\groovy\4.0.16\groovy-4.0.16.jar;C:\Users\Dell\.m2\repository\org\apache\groovy\groovy-xml\4.0.16\groovy-xml-4.0.16.jar;C:\Users\Dell\.m2\repository\org\apache\httpcomponents\httpclient\4.5.13\httpclient-4.5.13.jar;C:\Users\Dell\.m2\repository\org\apache\httpcomponents\httpcore\4.4.13\httpcore-4.4.13.jar;C:\Users\Dell\.m2\repository\commons-logging\commons-logging\1.2\commons-logging-1.2.jar;C:\Users\Dell\.m2\repository\commons-codec\commons-codec\1.11\commons-codec-1.11.jar;C:\Users\Dell\.m2\repository\org\apache\httpcomponents\httpmime\4.5.13\httpmime-4.5.13.jar;C:\Users\Dell\.m2\repository\org\hamcrest\hamcrest\2.2\hamcrest-2.2.jar;C:\Users\Dell\.m2\repository\org\ccil\cowan\tagsoup\tagsoup\1.2.1\tagsoup-1.2.1.jar;C:\Users\Dell\.m2\repository\io\rest-assured\json-path\5.4.0\json-path-5.4.0.jar;C:\Users\Dell\.m2\repository\org\apache\groovy\groovy-json\4.0.16\groovy-json-4.0.16.jar;C:\Users\Dell\.m2\repository\io\rest-assured\rest-assured-common\5.4.0\rest-assured-common-5.4.0.jar;C:\Users\Dell\.m2\repository\io\rest-assured\xml-path\5.4.0\xml-path-5.4.0.jar;C:\Users\Dell\.m2\repository\org\apache\commons\commons-lang3\3.11\commons-lang3-3.11.jar;C:\Users\Dell\.m2\repository\org\testng\testng\7.10.2\testng-7.10.2.jar;C:\Users\Dell\.m2\repository\org\slf4j\slf4j-api\1.7.36\slf4j-api-1.7.36.jar;C:\Users\Dell\.m2\repository\com\beust\jcommander\1.82\jcommander-1.82.jar;C:\Users\Dell\.m2\repository\org\webjars\jquery\3.7.1\jquery-3.7.1.jar;C:\Users\Dell\.m2\repository\com\googlecode\json-simple\json-simple\1.1.1\json-simple-1.1.1.jar;C:\Users\Dell\.m2\repository\junit\junit\4.10\junit-4.10.jar;C:\Users\Dell\.m2\repository\org\hamcrest\hamcrest-core\1.1\hamcrest-core-1.1.jar;C:\Users\Dell\.m2\repository\com\google\code\gson\gson\2.8.8\gson-2.8.8.jar;C:\Users\Dell\.m2\repository\org\slf4j\slf4j-simple\1.7.36\slf4j-simple-1.7.36.jar;C:\Users\Dell\.m2\repository\com\fasterxml\jackson\core\jackson-databind\2.15.2\jackson-databind-2.15.2.jar;C:\Users\Dell\.m2\repository\com\fasterxml\jackson\core\jackson-annotations\2.15.2\jackson-annotations-2.15.2.jar;C:\Users\Dell\.m2\repository\com\fasterxml\jackson\core\jackson-core\2.15.2\jackson-core-2.15.2.jar;"/>
    <property name="java.vm.vendor" value="Oracle Corporation"/>
    <property name="type" value="test"/>
    <property name="sun.arch.data.model" value="64"/>
    <property name="user.variant" value=""/>
    <property name="java.vendor.url" value="https://java.oracle.com/"/>
    <property name="user.timezone" value="Asia/Katmandu"/>
    <property name="os.name" value="Windows 10"/>
    <property name="java.vm.specification.version" value="19"/>
    <property name="sun.java.launcher" value="SUN_STANDARD"/>
    <property name="user.country" value="US"/>
    <property name="sun.boot.library.path" value="C:\Program Files\Java\jdk-19\bin"/>
    <property name="sun.java.command" value="C:\Windows\Temp\surefire9138278705522673905\surefirebooter-20250622111857841_3.jar C:\Windows\Temp\surefire9138278705522673905 2025-06-22T11-18-57_575-jvmRun1 surefire-20250622111857841_1tmp surefire_0-20250622111857841_2tmp"/>
    <property name="jdk.debug" value="release"/>
    <property name="surefire.test.class.path" value="C:\Users\Dell\Documents\NetBeansProjects\VisitorService\target\test-classes;C:\Users\Dell\Documents\NetBeansProjects\VisitorService\target\classes;C:\Users\Dell\.m2\repository\io\rest-assured\rest-assured\5.4.0\rest-assured-5.4.0.jar;C:\Users\Dell\.m2\repository\org\apache\groovy\groovy\4.0.16\groovy-4.0.16.jar;C:\Users\Dell\.m2\repository\org\apache\groovy\groovy-xml\4.0.16\groovy-xml-4.0.16.jar;C:\Users\Dell\.m2\repository\org\apache\httpcomponents\httpclient\4.5.13\httpclient-4.5.13.jar;C:\Users\Dell\.m2\repository\org\apache\httpcomponents\httpcore\4.4.13\httpcore-4.4.13.jar;C:\Users\Dell\.m2\repository\commons-logging\commons-logging\1.2\commons-logging-1.2.jar;C:\Users\Dell\.m2\repository\commons-codec\commons-codec\1.11\commons-codec-1.11.jar;C:\Users\Dell\.m2\repository\org\apache\httpcomponents\httpmime\4.5.13\httpmime-4.5.13.jar;C:\Users\Dell\.m2\repository\org\hamcrest\hamcrest\2.2\hamcrest-2.2.jar;C:\Users\Dell\.m2\repository\org\ccil\cowan\tagsoup\tagsoup\1.2.1\tagsoup-1.2.1.jar;C:\Users\Dell\.m2\repository\io\rest-assured\json-path\5.4.0\json-path-5.4.0.jar;C:\Users\Dell\.m2\repository\org\apache\groovy\groovy-json\4.0.16\groovy-json-4.0.16.jar;C:\Users\Dell\.m2\repository\io\rest-assured\rest-assured-common\5.4.0\rest-assured-common-5.4.0.jar;C:\Users\Dell\.m2\repository\io\rest-assured\xml-path\5.4.0\xml-path-5.4.0.jar;C:\Users\Dell\.m2\repository\org\apache\commons\commons-lang3\3.11\commons-lang3-3.11.jar;C:\Users\Dell\.m2\repository\org\testng\testng\7.10.2\testng-7.10.2.jar;C:\Users\Dell\.m2\repository\org\slf4j\slf4j-api\1.7.36\slf4j-api-1.7.36.jar;C:\Users\Dell\.m2\repository\com\beust\jcommander\1.82\jcommander-1.82.jar;C:\Users\Dell\.m2\repository\org\webjars\jquery\3.7.1\jquery-3.7.1.jar;C:\Users\Dell\.m2\repository\com\googlecode\json-simple\json-simple\1.1.1\json-simple-1.1.1.jar;C:\Users\Dell\.m2\repository\junit\junit\4.10\junit-4.10.jar;C:\Users\Dell\.m2\repository\org\hamcrest\hamcrest-core\1.1\hamcrest-core-1.1.jar;C:\Users\Dell\.m2\repository\com\google\code\gson\gson\2.8.8\gson-2.8.8.jar;C:\Users\Dell\.m2\repository\org\slf4j\slf4j-simple\1.7.36\slf4j-simple-1.7.36.jar;C:\Users\Dell\.m2\repository\com\fasterxml\jackson\core\jackson-databind\2.15.2\jackson-databind-2.15.2.jar;C:\Users\Dell\.m2\repository\com\fasterxml\jackson\core\jackson-annotations\2.15.2\jackson-annotations-2.15.2.jar;C:\Users\Dell\.m2\repository\com\fasterxml\jackson\core\jackson-core\2.15.2\jackson-core-2.15.2.jar;"/>
    <property name="sun.cpu.endian" value="little"/>
    <property name="user.home" value="C:\Users\Dell"/>
    <property name="user.language" value="en"/>
    <property name="java.specification.vendor" value="Oracle Corporation"/>
    <property name="java.version.date" value="2023-01-17"/>
    <property name="java.home" value="C:\Program Files\Java\jdk-19"/>
    <property name="file.separator" value="\"/>
    <property name="basedir" value="C:\Users\Dell\Documents\NetBeansProjects\VisitorService"/>
    <property name="java.vm.compressedOopsMode" value="32-bit"/>
    <property name="line.separator" value="&#10;"/>
    <property name="java.vm.specification.vendor" value="Oracle Corporation"/>
    <property name="java.specification.name" value="Java Platform API Specification"/>
    <property name="surefire.real.class.path" value="C:\Windows\Temp\surefire9138278705522673905\surefirebooter-20250622111857841_3.jar"/>
    <property name="user.script" value=""/>
    <property name="sun.management.compiler" value="HotSpot 64-Bit Tiered Compilers"/>
    <property name="java.runtime.version" value="19.0.2+7-44"/>
    <property name="user.name" value="Dell"/>
    <property name="stdout.encoding" value="Cp1252"/>
    <property name="path.separator" value=";"/>
    <property name="os.version" value="10.0"/>
    <property name="java.runtime.name" value="Java(TM) SE Runtime Environment"/>
    <property name="file.encoding" value="UTF-8"/>
    <property name="java.vm.name" value="Java HotSpot(TM) 64-Bit Server VM"/>
    <property name="localRepository" value="C:\Users\Dell\.m2\repository"/>
    <property name="java.vendor.url.bug" value="https://bugreport.java.com/bugreport/"/>
    <property name="java.io.tmpdir" value="C:\Windows\TEMP\"/>
    <property name="java.version" value="19.0.2"/>
    <property name="user.dir" value="C:\Users\Dell\Documents\NetBeansProjects\VisitorService"/>
    <property name="os.arch" value="amd64"/>
    <property name="java.vm.specification.name" value="Java Virtual Machine Specification"/>
    <property name="sun.os.patch.level" value=""/>
    <property name="native.encoding" value="Cp1252"/>
    <property name="java.library.path" value="C:\Program Files\Java\jdk-19\bin;C:\Windows\Sun\Java\bin;C:\Windows\system32;C:\Windows;C:\Python312\Scripts\;C:\Python312\;C:\Program Files\Python313\Scripts\;C:\Program Files\Python313\;C:\Program Files\Common Files\Oracle\Java\javapath;C:\Program Files\Java\jdk-19\bin;C:\Windows\System32;C:\Windows\System32;D:\apache-jmeter-5.6.3\apache-jmeter-5.6.3\bin;C:\ProgramData\chocolatey\bin;C:\Program Files\nodejs;C:\Program Files\nodejs\;C:\Program Files\Apache\Maven\apache-maven-3.9.9-bin\apache-maven-3.9.9\bin;C:\Windows\System32\OpenSSH;C:\Windows\System32;C:\Users\Dell\AppData\Local\Programs\Microsoft VS Code\bin;C:\Users\Dell\AppData\Roaming\npm;D:\nats-0.2.3-windows-386;;."/>
    <property name="java.vm.info" value="mixed mode, sharing"/>
    <property name="stderr.encoding" value="Cp1252"/>
    <property name="java.vendor" value="Oracle Corporation"/>
    <property name="java.vm.version" value="19.0.2+7-44"/>
    <property name="sun.io.unicode.encoding" value="UnicodeLittle"/>
    <property name="java.class.version" value="63.0"/>
  </properties>
  <testcase name="AuthenticateWithInvalidDevice" classname="Authentication.authenticateTest" time="1.852">
    <system-out><![CDATA[Loaded configuration for environment: test
HTTP/1.1 422 Unprocessable Entity
Date: Sun, 22 Jun 2025 05:34:05 GMT
Server: MOCO Visitor Server
Access-Control-Allow-Origin: *
Strict-Transport-Security: max-age=31536000; includeSubDomains
X-Frame-Options: SAMEORIGIN
X-Content-Type-Options: nosniff
X-Xss-Protection: 1; mode=block
Content-Type: application/json
Content-Length: 68
Content-Security-Policy: default-src 'self' visitor0.moco.com.np https://fonts.googleapis.com; script-src 'self' 'unsafe-inline' 'unsafe-eval' https://maps.googleapis.com; form-action 'self';  style-src 'self' 'unsafe-inline' https://fonts.googleapis.com; connect-src 'self' https://www.moco.com.np https://maps.googleapis.com; img-src 'self' https://maps.gstatic.com  https://maps.googleapis.com blob: data:;
Keep-Alive: timeout=5, max=100
Connection: Keep-Alive

{
    "code": "GNR_INVALID_DATA",
    "description": "Invalid device Id found."
}
]]></system-out>
  </testcase>
  <testcase name="AuthenticateWithInvalidLocation" classname="Authentication.authenticateTest" time="0.415">
    <failure message="expected [Invalid device Id found.] but found [Invalid Geo location found.]" type="java.lang.AssertionError"><![CDATA[java.lang.AssertionError: expected [Invalid device Id found.] but found [Invalid Geo location found.]
	at org.testng.Assert.fail(Assert.java:111)
	at org.testng.Assert.failNotEquals(Assert.java:1578)
	at org.testng.Assert.assertEqualsImpl(Assert.java:150)
	at org.testng.Assert.assertEquals(Assert.java:132)
	at org.testng.Assert.assertEquals(Assert.java:656)
	at org.testng.Assert.assertEquals(Assert.java:666)
	at Authentication.authenticateTest.AuthenticateWithInvalidLocation(authenticateTest.java:145)
	at java.base/jdk.internal.reflect.DirectMethodHandleAccessor.invoke(DirectMethodHandleAccessor.java:104)
	at java.base/java.lang.reflect.Method.invoke(Method.java:578)
	at org.testng.internal.invokers.MethodInvocationHelper.invokeMethod(MethodInvocationHelper.java:141)
	at org.testng.internal.invokers.TestInvoker.invokeMethod(TestInvoker.java:686)
	at org.testng.internal.invokers.TestInvoker.invokeTestMethod(TestInvoker.java:230)
	at org.testng.internal.invokers.MethodRunner.runInSequence(MethodRunner.java:63)
	at org.testng.internal.invokers.TestInvoker$MethodInvocationAgent.invoke(TestInvoker.java:992)
	at org.testng.internal.invokers.TestInvoker.invokeTestMethods(TestInvoker.java:203)
	at org.testng.internal.invokers.TestMethodWorker.invokeTestMethods(TestMethodWorker.java:154)
	at org.testng.internal.invokers.TestMethodWorker.run(TestMethodWorker.java:134)
	at java.base/java.util.ArrayList.forEach(ArrayList.java:1511)
	at org.testng.TestRunner.privateRun(TestRunner.java:739)
	at org.testng.TestRunner.run(TestRunner.java:614)
	at org.testng.SuiteRunner.runTest(SuiteRunner.java:421)
	at org.testng.SuiteRunner.runSequentially(SuiteRunner.java:413)
	at org.testng.SuiteRunner.privateRun(SuiteRunner.java:373)
	at org.testng.SuiteRunner.run(SuiteRunner.java:312)
	at org.testng.SuiteRunnerWorker.runSuite(SuiteRunnerWorker.java:52)
	at org.testng.SuiteRunnerWorker.run(SuiteRunnerWorker.java:95)
	at org.testng.TestNG.runSuitesSequentially(TestNG.java:1274)
	at org.testng.TestNG.runSuitesLocally(TestNG.java:1208)
	at org.testng.TestNG.runSuites(TestNG.java:1112)
	at org.testng.TestNG.run(TestNG.java:1079)
	at org.apache.maven.surefire.testng.TestNGExecutor.run(TestNGExecutor.java:155)
	at org.apache.maven.surefire.testng.TestNGDirectoryTestSuite.executeMulti(TestNGDirectoryTestSuite.java:169)
	at org.apache.maven.surefire.testng.TestNGDirectoryTestSuite.execute(TestNGDirectoryTestSuite.java:88)
	at org.apache.maven.surefire.testng.TestNGProvider.invoke(TestNGProvider.java:137)
	at org.apache.maven.surefire.booter.ForkedBooter.runSuitesInProcess(ForkedBooter.java:385)
	at org.apache.maven.surefire.booter.ForkedBooter.execute(ForkedBooter.java:162)
	at org.apache.maven.surefire.booter.ForkedBooter.run(ForkedBooter.java:507)
	at org.apache.maven.surefire.booter.ForkedBooter.main(ForkedBooter.java:495)
]]></failure>
    <system-out><![CDATA[HTTP/1.1 422 Unprocessable Entity
Date: Sun, 22 Jun 2025 05:34:05 GMT
Server: MOCO Visitor Server
Access-Control-Allow-Origin: *
Strict-Transport-Security: max-age=31536000; includeSubDomains
X-Frame-Options: SAMEORIGIN
X-Content-Type-Options: nosniff
X-Xss-Protection: 1; mode=block
Content-Type: application/json
Content-Length: 71
Content-Security-Policy: default-src 'self' visitor0.moco.com.np https://fonts.googleapis.com; script-src 'self' 'unsafe-inline' 'unsafe-eval' https://maps.googleapis.com; form-action 'self';  style-src 'self' 'unsafe-inline' https://fonts.googleapis.com; connect-src 'self' https://www.moco.com.np https://maps.googleapis.com; img-src 'self' https://maps.gstatic.com  https://maps.googleapis.com blob: data:;
Keep-Alive: timeout=5, max=100
Connection: Keep-Alive

{
    "code": "GNR_INVALID_DATA",
    "description": "Invalid Geo location found."
}
]]></system-out>
  </testcase>
  <testcase name="AuthenticateWithNoDevice" classname="Authentication.authenticateTest" time="0.183">
    <system-out><![CDATA[HTTP/1.1 400 Bad Request
Date: Sun, 22 Jun 2025 05:34:05 GMT
Server: MOCO Visitor Server
Access-Control-Allow-Origin: *
Strict-Transport-Security: max-age=31536000; includeSubDomains
X-Frame-Options: SAMEORIGIN
X-Content-Type-Options: nosniff
X-Xss-Protection: 1; mode=block
Content-Type: application/json
Content-Length: 57
Content-Security-Policy: default-src 'self' visitor0.moco.com.np https://fonts.googleapis.com; script-src 'self' 'unsafe-inline' 'unsafe-eval' https://maps.googleapis.com; form-action 'self';  style-src 'self' 'unsafe-inline' https://fonts.googleapis.com; connect-src 'self' https://www.moco.com.np https://maps.googleapis.com; img-src 'self' https://maps.gstatic.com  https://maps.googleapis.com blob: data:;
Connection: close

{
    "code": "GNR_PARAM_MISSING",
    "description": "Bad Request."
}
]]></system-out>
  </testcase>
  <testcase name="AuthenticateWithNoLocation" classname="Authentication.authenticateTest" time="0.332">
    <system-out><![CDATA[HTTP/1.1 400 Bad Request
Date: Sun, 22 Jun 2025 05:34:06 GMT
Server: MOCO Visitor Server
Access-Control-Allow-Origin: *
Strict-Transport-Security: max-age=31536000; includeSubDomains
X-Frame-Options: SAMEORIGIN
X-Content-Type-Options: nosniff
X-Xss-Protection: 1; mode=block
Content-Type: application/json
Content-Length: 57
Content-Security-Policy: default-src 'self' visitor0.moco.com.np https://fonts.googleapis.com; script-src 'self' 'unsafe-inline' 'unsafe-eval' https://maps.googleapis.com; form-action 'self';  style-src 'self' 'unsafe-inline' https://fonts.googleapis.com; connect-src 'self' https://www.moco.com.np https://maps.googleapis.com; img-src 'self' https://maps.gstatic.com  https://maps.googleapis.com blob: data:;
Connection: close

{
    "code": "GNR_PARAM_MISSING",
    "description": "Bad Request."
}
]]></system-out>
  </testcase>
  <testcase name="AuthenticateWithNoUserAgent" classname="Authentication.authenticateTest" time="0.412">
    <system-out><![CDATA[HTTP/1.1 400 Bad Request
Date: Sun, 22 Jun 2025 05:34:06 GMT
Server: MOCO Visitor Server
Access-Control-Allow-Origin: *
Strict-Transport-Security: max-age=31536000; includeSubDomains
X-Frame-Options: SAMEORIGIN
X-Content-Type-Options: nosniff
X-Xss-Protection: 1; mode=block
Content-Type: application/json
Content-Length: 57
Content-Security-Policy: default-src 'self' visitor0.moco.com.np https://fonts.googleapis.com; script-src 'self' 'unsafe-inline' 'unsafe-eval' https://maps.googleapis.com; form-action 'self';  style-src 'self' 'unsafe-inline' https://fonts.googleapis.com; connect-src 'self' https://www.moco.com.np https://maps.googleapis.com; img-src 'self' https://maps.gstatic.com  https://maps.googleapis.com blob: data:;
Connection: close

{
    "code": "GNR_PARAM_MISSING",
    "description": "Bad Request."
}
]]></system-out>
  </testcase>
  <testcase name="AuthenticatewithInvalidEmail" classname="Authentication.authenticateTest" time="0.391">
    <system-out><![CDATA[HTTP/1.1 422 Unprocessable Entity
Date: Sun, 22 Jun 2025 05:34:07 GMT
Server: MOCO Visitor Server
Access-Control-Allow-Origin: *
Strict-Transport-Security: max-age=31536000; includeSubDomains
X-Frame-Options: SAMEORIGIN
X-Content-Type-Options: nosniff
X-Xss-Protection: 1; mode=block
Content-Type: application/json
Content-Length: 58
Content-Security-Policy: default-src 'self' visitor0.moco.com.np https://fonts.googleapis.com; script-src 'self' 'unsafe-inline' 'unsafe-eval' https://maps.googleapis.com; form-action 'self';  style-src 'self' 'unsafe-inline' https://fonts.googleapis.com; connect-src 'self' https://www.moco.com.np https://maps.googleapis.com; img-src 'self' https://maps.gstatic.com  https://maps.googleapis.com blob: data:;
Keep-Alive: timeout=5, max=100
Connection: Keep-Alive

{
    "code": "GNR_INVALID_DATA",
    "description": "Invalid email."
}
]]></system-out>
  </testcase>
  <testcase name="AuthenticatewithInvalidPin" classname="Authentication.authenticateTest" time="0.399">
    <system-out><![CDATA[HTTP/1.1 401 Unauthorized
Date: Sun, 22 Jun 2025 05:34:07 GMT
Server: MOCO Visitor Server
Access-Control-Allow-Origin: *
Strict-Transport-Security: max-age=31536000; includeSubDomains
X-Frame-Options: SAMEORIGIN
X-Content-Type-Options: nosniff
X-Xss-Protection: 1; mode=block
Content-Type: application/json
Content-Length: 73
Content-Security-Policy: default-src 'self' visitor0.moco.com.np https://fonts.googleapis.com; script-src 'self' 'unsafe-inline' 'unsafe-eval' https://maps.googleapis.com; form-action 'self';  style-src 'self' 'unsafe-inline' https://fonts.googleapis.com; connect-src 'self' https://www.moco.com.np https://maps.googleapis.com; img-src 'self' https://maps.gstatic.com  https://maps.googleapis.com blob: data:;
Keep-Alive: timeout=5, max=100
Connection: Keep-Alive

{
    "code": "GNR_AUTHENTICATION_FAIL",
    "description": "Authentication Failed."
}
]]></system-out>
  </testcase>
  <testcase name="AuthenticatewithMissingEmail" classname="Authentication.authenticateTest" time="0.43">
    <system-out><![CDATA[HTTP/1.1 400 Bad Request
Date: Sun, 22 Jun 2025 05:34:07 GMT
Server: MOCO Visitor Server
Access-Control-Allow-Origin: *
Strict-Transport-Security: max-age=31536000; includeSubDomains
X-Frame-Options: SAMEORIGIN
X-Content-Type-Options: nosniff
X-Xss-Protection: 1; mode=block
Content-Type: application/json
Content-Length: 68
Content-Security-Policy: default-src 'self' visitor0.moco.com.np https://fonts.googleapis.com; script-src 'self' 'unsafe-inline' 'unsafe-eval' https://maps.googleapis.com; form-action 'self';  style-src 'self' 'unsafe-inline' https://fonts.googleapis.com; connect-src 'self' https://www.moco.com.np https://maps.googleapis.com; img-src 'self' https://maps.gstatic.com  https://maps.googleapis.com blob: data:;
Connection: close

{
    "code": "GNR_PARAM_MISSING",
    "description": "Email cannot be blank.."
}
]]></system-out>
  </testcase>
  <testcase name="AuthenticatewithMissingPin" classname="Authentication.authenticateTest" time="0.569">
    <system-out><![CDATA[HTTP/1.1 400 Bad Request
Date: Sun, 22 Jun 2025 05:34:08 GMT
Server: MOCO Visitor Server
Access-Control-Allow-Origin: *
Strict-Transport-Security: max-age=31536000; includeSubDomains
X-Frame-Options: SAMEORIGIN
X-Content-Type-Options: nosniff
X-Xss-Protection: 1; mode=block
Content-Type: application/json
Content-Length: 57
Content-Security-Policy: default-src 'self' visitor0.moco.com.np https://fonts.googleapis.com; script-src 'self' 'unsafe-inline' 'unsafe-eval' https://maps.googleapis.com; form-action 'self';  style-src 'self' 'unsafe-inline' https://fonts.googleapis.com; connect-src 'self' https://www.moco.com.np https://maps.googleapis.com; img-src 'self' https://maps.gstatic.com  https://maps.googleapis.com blob: data:;
Connection: close

{
    "code": "GNR_PARAM_MISSING",
    "description": "Bad Request."
}
]]></system-out>
  </testcase>
  <testcase name="AuthenticatewithWrongPin" classname="Authentication.authenticateTest" time="0.366">
    <failure message="expected [GNR_AUTHENTICATION_FAIL] but found [VST_LOGIN_REMAINING_ATTEMPT_X5]" type="java.lang.AssertionError"><![CDATA[java.lang.AssertionError: expected [GNR_AUTHENTICATION_FAIL] but found [VST_LOGIN_REMAINING_ATTEMPT_X5]
	at org.testng.Assert.fail(Assert.java:111)
	at org.testng.Assert.failNotEquals(Assert.java:1578)
	at org.testng.Assert.assertEqualsImpl(Assert.java:150)
	at org.testng.Assert.assertEquals(Assert.java:132)
	at org.testng.Assert.assertEquals(Assert.java:656)
	at org.testng.Assert.assertEquals(Assert.java:666)
	at Authentication.authenticateTest.AuthenticatewithWrongPin(authenticateTest.java:349)
	at java.base/jdk.internal.reflect.DirectMethodHandleAccessor.invoke(DirectMethodHandleAccessor.java:104)
	at java.base/java.lang.reflect.Method.invoke(Method.java:578)
	at org.testng.internal.invokers.MethodInvocationHelper.invokeMethod(MethodInvocationHelper.java:141)
	at org.testng.internal.invokers.TestInvoker.invokeMethod(TestInvoker.java:686)
	at org.testng.internal.invokers.TestInvoker.invokeTestMethod(TestInvoker.java:230)
	at org.testng.internal.invokers.MethodRunner.runInSequence(MethodRunner.java:63)
	at org.testng.internal.invokers.TestInvoker$MethodInvocationAgent.invoke(TestInvoker.java:992)
	at org.testng.internal.invokers.TestInvoker.invokeTestMethods(TestInvoker.java:203)
	at org.testng.internal.invokers.TestMethodWorker.invokeTestMethods(TestMethodWorker.java:154)
	at org.testng.internal.invokers.TestMethodWorker.run(TestMethodWorker.java:134)
	at java.base/java.util.ArrayList.forEach(ArrayList.java:1511)
	at org.testng.TestRunner.privateRun(TestRunner.java:739)
	at org.testng.TestRunner.run(TestRunner.java:614)
	at org.testng.SuiteRunner.runTest(SuiteRunner.java:421)
	at org.testng.SuiteRunner.runSequentially(SuiteRunner.java:413)
	at org.testng.SuiteRunner.privateRun(SuiteRunner.java:373)
	at org.testng.SuiteRunner.run(SuiteRunner.java:312)
	at org.testng.SuiteRunnerWorker.runSuite(SuiteRunnerWorker.java:52)
	at org.testng.SuiteRunnerWorker.run(SuiteRunnerWorker.java:95)
	at org.testng.TestNG.runSuitesSequentially(TestNG.java:1274)
	at org.testng.TestNG.runSuitesLocally(TestNG.java:1208)
	at org.testng.TestNG.runSuites(TestNG.java:1112)
	at org.testng.TestNG.run(TestNG.java:1079)
	at org.apache.maven.surefire.testng.TestNGExecutor.run(TestNGExecutor.java:155)
	at org.apache.maven.surefire.testng.TestNGDirectoryTestSuite.executeMulti(TestNGDirectoryTestSuite.java:169)
	at org.apache.maven.surefire.testng.TestNGDirectoryTestSuite.execute(TestNGDirectoryTestSuite.java:88)
	at org.apache.maven.surefire.testng.TestNGProvider.invoke(TestNGProvider.java:137)
	at org.apache.maven.surefire.booter.ForkedBooter.runSuitesInProcess(ForkedBooter.java:385)
	at org.apache.maven.surefire.booter.ForkedBooter.execute(ForkedBooter.java:162)
	at org.apache.maven.surefire.booter.ForkedBooter.run(ForkedBooter.java:507)
	at org.apache.maven.surefire.booter.ForkedBooter.main(ForkedBooter.java:495)
]]></failure>
    <system-out><![CDATA[HTTP/1.1 401 Unauthorized
Date: Sun, 22 Jun 2025 05:34:08 GMT
Server: MOCO Visitor Server
Access-Control-Allow-Origin: *
Strict-Transport-Security: max-age=31536000; includeSubDomains
X-Frame-Options: SAMEORIGIN
X-Content-Type-Options: nosniff
X-Xss-Protection: 1; mode=block
Content-Type: application/json
Content-Length: 80
Content-Security-Policy: default-src 'self' visitor0.moco.com.np https://fonts.googleapis.com; script-src 'self' 'unsafe-inline' 'unsafe-eval' https://maps.googleapis.com; form-action 'self';  style-src 'self' 'unsafe-inline' https://fonts.googleapis.com; connect-src 'self' https://www.moco.com.np https://maps.googleapis.com; img-src 'self' https://maps.gstatic.com  https://maps.googleapis.com blob: data:;
Keep-Alive: timeout=5, max=100
Connection: Keep-Alive

{
    "code": "VST_LOGIN_REMAINING_ATTEMPT_X5",
    "description": "Authentication failed."
}
]]></system-out>
  </testcase>
  <testcase name="authenticatewithValidCredentials" classname="Authentication.authenticatevalidTest" time="0.318">
    <failure message="1 expectation failed.&#10;Expected status code &lt;400&gt; but was &lt;401&gt;.&#10;" type="java.lang.AssertionError"><![CDATA[java.lang.AssertionError: 
1 expectation failed.
Expected status code <400> but was <401>.

	at java.base/jdk.internal.reflect.DirectConstructorHandleAccessor.newInstance(DirectConstructorHandleAccessor.java:67)
	at java.base/java.lang.reflect.Constructor.newInstanceWithCaller(Constructor.java:500)
	at java.base/java.lang.reflect.Constructor.newInstance(Constructor.java:484)
	at org.codehaus.groovy.reflection.CachedConstructor.invoke(CachedConstructor.java:73)
	at org.codehaus.groovy.runtime.callsite.ConstructorSite$ConstructorSiteNoUnwrapNoCoerce.callConstructor(ConstructorSite.java:108)
	at org.codehaus.groovy.runtime.callsite.CallSiteArray.defaultCallConstructor(CallSiteArray.java:57)
	at org.codehaus.groovy.runtime.callsite.AbstractCallSite.callConstructor(AbstractCallSite.java:263)
	at org.codehaus.groovy.runtime.callsite.AbstractCallSite.callConstructor(AbstractCallSite.java:277)
	at io.restassured.internal.ResponseSpecificationImpl$HamcrestAssertionClosure.validate(ResponseSpecificationImpl.groovy:512)
	at io.restassured.internal.ResponseSpecificationImpl$HamcrestAssertionClosure$validate$1.call(Unknown Source)
	at io.restassured.internal.ResponseSpecificationImpl.validateResponseIfRequired(ResponseSpecificationImpl.groovy:696)
	at io.restassured.internal.ResponseSpecificationImpl.this$2$validateResponseIfRequired(ResponseSpecificationImpl.groovy)
	at java.base/jdk.internal.reflect.DirectMethodHandleAccessor.invoke(DirectMethodHandleAccessor.java:104)
	at java.base/java.lang.reflect.Method.invoke(Method.java:578)
	at org.codehaus.groovy.runtime.callsite.PlainObjectMetaMethodSite.doInvoke(PlainObjectMetaMethodSite.java:43)
	at org.codehaus.groovy.runtime.callsite.PogoMetaMethodSite$PogoCachedMethodSiteNoUnwrapNoCoerce.invoke(PogoMetaMethodSite.java:198)
	at org.codehaus.groovy.runtime.callsite.PogoMetaMethodSite.callCurrent(PogoMetaMethodSite.java:62)
	at org.codehaus.groovy.runtime.callsite.AbstractCallSite.callCurrent(AbstractCallSite.java:185)
	at io.restassured.internal.ResponseSpecificationImpl.statusCode(ResponseSpecificationImpl.groovy:135)
	at io.restassured.specification.ResponseSpecification$statusCode$0.callCurrent(Unknown Source)
	at io.restassured.internal.ResponseSpecificationImpl.statusCode(ResponseSpecificationImpl.groovy:143)
	at io.restassured.internal.ValidatableResponseOptionsImpl.statusCode(ValidatableResponseOptionsImpl.java:89)
	at Authentication.authenticatevalidTest.authenticatewithValidCredentials(authenticatevalidTest.java:31)
	at java.base/jdk.internal.reflect.DirectMethodHandleAccessor.invoke(DirectMethodHandleAccessor.java:104)
	at java.base/java.lang.reflect.Method.invoke(Method.java:578)
	at org.testng.internal.invokers.MethodInvocationHelper.invokeMethod(MethodInvocationHelper.java:141)
	at org.testng.internal.invokers.TestInvoker.invokeMethod(TestInvoker.java:686)
	at org.testng.internal.invokers.TestInvoker.invokeTestMethod(TestInvoker.java:230)
	at org.testng.internal.invokers.MethodRunner.runInSequence(MethodRunner.java:63)
	at org.testng.internal.invokers.TestInvoker$MethodInvocationAgent.invoke(TestInvoker.java:992)
	at org.testng.internal.invokers.TestInvoker.invokeTestMethods(TestInvoker.java:203)
	at org.testng.internal.invokers.TestMethodWorker.invokeTestMethods(TestMethodWorker.java:154)
	at org.testng.internal.invokers.TestMethodWorker.run(TestMethodWorker.java:134)
	at java.base/java.util.ArrayList.forEach(ArrayList.java:1511)
	at org.testng.TestRunner.privateRun(TestRunner.java:739)
	at org.testng.TestRunner.run(TestRunner.java:614)
	at org.testng.SuiteRunner.runTest(SuiteRunner.java:421)
	at org.testng.SuiteRunner.runSequentially(SuiteRunner.java:413)
	at org.testng.SuiteRunner.privateRun(SuiteRunner.java:373)
	at org.testng.SuiteRunner.run(SuiteRunner.java:312)
	at org.testng.SuiteRunnerWorker.runSuite(SuiteRunnerWorker.java:52)
	at org.testng.SuiteRunnerWorker.run(SuiteRunnerWorker.java:95)
	at org.testng.TestNG.runSuitesSequentially(TestNG.java:1274)
	at org.testng.TestNG.runSuitesLocally(TestNG.java:1208)
	at org.testng.TestNG.runSuites(TestNG.java:1112)
	at org.testng.TestNG.run(TestNG.java:1079)
	at org.apache.maven.surefire.testng.TestNGExecutor.run(TestNGExecutor.java:155)
	at org.apache.maven.surefire.testng.TestNGDirectoryTestSuite.executeMulti(TestNGDirectoryTestSuite.java:169)
	at org.apache.maven.surefire.testng.TestNGDirectoryTestSuite.execute(TestNGDirectoryTestSuite.java:88)
	at org.apache.maven.surefire.testng.TestNGProvider.invoke(TestNGProvider.java:137)
	at org.apache.maven.surefire.booter.ForkedBooter.runSuitesInProcess(ForkedBooter.java:385)
	at org.apache.maven.surefire.booter.ForkedBooter.execute(ForkedBooter.java:162)
	at org.apache.maven.surefire.booter.ForkedBooter.run(ForkedBooter.java:507)
	at org.apache.maven.surefire.booter.ForkedBooter.main(ForkedBooter.java:495)
]]></failure>
  </testcase>
</testsuite>